[3gH    H    H    H    H    H    H    H    H    H    H    H    H    H    H    H    H    H    H    H    H    H    H    H    H    H    H    H    H    H    H    H  [INFO] Using python from: /home/chrisliang/miniconda3/envs/isaaclab/bin/python
Loading user config located at: '/home/chrisliang/miniconda3/envs/isaaclab/lib/python3.11/site-packages/isaacsim/kit/data/Kit/Isaac-Sim/5.1/user.config.json'
[Info] [carb] Logging to file: /home/chrisliang/miniconda3/envs/isaaclab/lib/python3.11/site-packages/isaacsim/kit/logs/Kit/Isaac-Sim/5.1/kit_20260523_214543.log
2026-05-24T01:45:43Z [0ms] [Warning] [carb.crashreporter-breakpad.plugin] [previous crash] preventing upload of minidump due to user opt-out: '/home/chrisliang/miniconda3/envs/isaaclab/lib/python3.11/site-packages/isaacsim/kit/data/Kit/Isaac-Sim/5.1/fe91dac3-fa84-4bb1-51c7bca8-eec634bd.dmp'
2026-05-24T01:45:43Z [1ms] [Warning] [carb.crashreporter-breakpad.plugin] [previous crash] preventing upload of minidump due to user opt-out: '/home/chrisliang/miniconda3/envs/isaaclab/lib/python3.11/site-packages/isaacsim/kit/data/Kit/Isaac-Sim/5.1/68e0dafd-02e7-49d2-e668ec9f-8f33fd7d.dmp'
2026-05-24T01:45:43Z [1ms] [Warning] [carb.crashreporter-breakpad.plugin] [previous crash] preventing upload of minidump due to user opt-out: '/home/chrisliang/miniconda3/envs/isaaclab/lib/python3.11/site-packages/isaacsim/kit/data/Kit/Isaac-Sim/5.1/4156cd40-531a-4e0c-a135da9b-0c485c94.dmp'
2026-05-24T01:45:43Z [1ms] [Warning] [carb.crashreporter-breakpad.plugin] [previous crash] preventing upload of minidump due to user opt-out: '/home/chrisliang/miniconda3/envs/isaaclab/lib/python3.11/site-packages/isaacsim/kit/data/Kit/Isaac-Sim/5.1/22210067-b31f-4883-cfcf48b5-34ccffd1.dmp'
2026-05-24T01:45:43Z [1ms] [Warning] [carb.crashreporter-breakpad.plugin] [previous crash] preventing upload of minidump due to user opt-out: '/home/chrisliang/miniconda3/envs/isaaclab/lib/python3.11/site-packages/isaacsim/kit/data/Kit/Isaac-Sim/5.1/ed337aa2-2299-439a-919fddb9-2507c96f.dmp'
2026-05-24T01:45:43Z [1ms] [Warning] [carb.crashreporter-breakpad.plugin] [previous crash] preventing upload of minidump due to user opt-out: '/home/chrisliang/miniconda3/envs/isaaclab/lib/python3.11/site-packages/isaacsim/kit/data/Kit/Isaac-Sim/5.1/fd6627ee-cee7-4f39-a3809fb1-ac4b32ed.dmp'
2026-05-24T01:45:43Z [51ms] [Warning] [omni.usd_config.extension] Enable omni.materialx.libs extension to use MaterialX
2026-05-24T01:45:43Z [200ms] [Warning] [omni.platforminfo.plugin] failed to open the default display.  Can't verify X Server version.
2026-05-24T01:45:43Z [301ms] [Warning] [carb] Acquiring non optional plugin interface which is not listed as dependency: [omni::physx::IPhysxBenchmarks v1.0] (plugin: <default plugin>), by client: omni.physics.physx.plugin. Add it to CARB_PLUGIN_IMPL_DEPS() macro of a client.
2026-05-24T01:45:43Z [306ms] [Warning] [omni.isaac.dynamic_control] omni.isaac.dynamic_control is deprecated as of Isaac Sim 4.5. No action is needed from end-users.
2026-05-24T01:45:45Z [2,024ms] [Warning] [gpu.foundation.plugin] Skipping unsupported non-NVIDIA GPU: Intel(R) Graphics (ARL)
2026-05-24T01:45:45Z [2,024ms] [Warning] [gpu.foundation.plugin] Skipping unsupported non-NVIDIA GPU: Intel(R) Graphics (ARL)

|---------------------------------------------------------------------------------------------|
| Driver Version: 595.58.03     | Graphics API: Vulkan
|=============================================================================================|
| GPU | Name                             | Active | LDA | GPU Memory | Vendor-ID | LUID       |
|     |                                  |        |     |            | Device-ID | UUID       |
|     |                                  |        |     |            | Bus-ID    |            |
|---------------------------------------------------------------------------------------------|
| 0   | NVIDIA GeForce RTX 5090          | Yes: 0 |     | 32853   MB | 10de      | 0          |
|     |                                  |        |     |            | 2b85      | a70cb704.. |
|     |                                  |        |     |            | 2         |            |
|---------------------------------------------------------------------------------------------|
| 1   | Intel(R) Graphics (ARL)          |        |     | 4[INFO][AppLauncher]: Using device: cuda:0
[INFO][AppLauncher]: Loading experience file: /home/chrisliang/IsaacLab/apps/isaaclab.python.headless.kit
[INFO]: Parsing configuration from: cbf_task.cbf_adaptive_env_cfg:CBFAdaptiveGo2RMAEnvCfg

[36m======================================================================================[0m
[36m[1m[INFO][IsaacLab]: Logging to file: /tmp/isaaclab/logs/isaaclab_2026-05-23_21-45-46.log[0m
[36m======================================================================================[0m

[33m21:45:46 [simulation_context.py] WARNING: The `enable_external_forces_every_iteration` parameter in the PhysxCfg is set to False. If you are experiencing noisy velocities, consider enabling this flag. You may need to slightly increase the number of velocity iterations (setting it to 1 or 2 rather than 0), together with this flag, to improve the accuracy of velocity updates.[0m
[INFO]: Base environment:
	Environment device    : cuda:0
	Environment seed      : None
	Physics step-size     : 0.005
	Rendering step-size   : 0.02
	Environment step-size : 0.02
[33m21:45:46 [terrain_importer.py] WARNING: Visual material specified for ground plane but no diffuse color found. Using default color: (0.0, 0.0, 0.0)[0m
/home/chrisliang/miniconda3/envs/isaaclab/lib/python3.11/site-packages/rsl_rl/utils/utils.py:220: UserWarning: The observation configuration dictionary 'obs_groups' is empty and thus likely not configured. Consider configuring the 'obs_groups' dictionary explicitly
  warnings.warn(
/home/chrisliang/miniconda3/envs/isaaclab/lib/python3.11/site-packages/rsl_rl/utils/utils.py:251: UserWarning: The observation configuration dictionary 'obs_groups' does not contain the 'actor' key. As an observation group with the name 'policy' was found, this is assumed to be the appropriate observation. Consider adding the 'actor' key to the 'obs_groups' dictionary for clarity. This behavior will be removed in a future version.
  warnings.warn(
/home/chrisliang/miniconda3/envs/isaaclab/lib/python3.11/site-packages/rsl_rl/utils/utils.py:251: UserWarning: The observation configuration dictionary 'obs_groups' does not contain the 'critic' key. As an observation group with the name 'policy' was found, this is assumed to be the appropriate observation. Consider adding the 'critic' key to the 'obs_groups' dictionary for clarity. This behavior will be removed in a future version.
  warnings.warn(
[INFO]: Time taken for scene creation : 0.866660 seconds
[INFO]: Scene manager:  <class InteractiveScene>
	Number of environments: 256
	Environment spacing   : 2.5
	Source prim name      : /World/envs/env_0
	Global prim paths     : ['/World/ground']
	Replicate physics     : True
[INFO]: Starting the simulation. This may take a few seconds. Please wait...
[INFO]: Time taken for simulation start : 0.494261 seconds
[INFO] Command Manager:  <CommandManager> contains 1 active terms.
+------------------------------------------------+
|              Active Command Terms              |
+-------+---------------+------------------------+
| Index | Name          |          Type          |
+-------+---------------+------------------------+
|   0   | base_velocity | UniformVelocityCommand |
+-------+---------------+------------------------+

[INFO] Event Manager:  <EventManager> contains 2 active terms.
+--------------------------------------+
| Active Event Terms in Mode: 'startup' |
+----------+---------------------------+
|  Index   | Name                      |
+----------+---------------------------+
|    0     | physics_material          |
|    1     | add_base_mass             |
+----------+---------------------------+
+---------------------------------------+
|  Active Event Terms in Mode: 'reset'  |
+--------+------------------------------+
| Index  | Name                         |
+--------+------------------------------+
|   0    | base_external_force_torque   |
|   1    | reset_base                   |
|   2    | reset_robot_joints           |
+--------+------------------------------+

[INFO] Recorder Manager:  <RecorderManager> contains 0 active terms.
+---------------------+
| Active Recorder Terms |
+-----------+---------+
|   Index   | Name    |
+-----------+---------+
+-----------+---------+

[INFO] Action Manager:  <ActionManager> contains 1 active terms.
+----------------------------------+
|  Active Action Terms (shape: 2)  |
+--------+------------+------------+
| Index  | Name       |  Dimension |
+--------+------------+------------+
|   0    | cbf_param  |          2 |
+--------+------------+------------+

[INFO] Observation Manager: <ObservationManager> contains 1 groups.
+--------------------------------------------------+
| Active Observation Terms in Group: 'policy' (shape: (90,)) |
+-----------------+--------------+-----------------+
|      Index      | Name         |      Shape      |
+-----------------+--------------+-----------------+
|        0        | obs          |      (90,)      |
+-----------------+--------------+-----------------+

[INFO] Termination Manager:  <TerminationManager> contains 4 active terms.
+---------------------------------+
|     Active Termination Terms    |
+-------+--------------+----------+
| Index | Name         | Time Out |
+-------+--------------+----------+
|   0   | time_out     |   True   |
|   1   | collision    |  False   |
|   2   | goal_reached |  False   |
|   3   | fall         |  False   |
+-------+--------------+----------+

[INFO] Reward Manager:  <RewardManager> contains 5 active terms.
+-------------------------------------+
|         Active Reward Terms         |
+-------+-------------------+---------+
| Index | Name              |  Weight |
+-------+-------------------+---------+
|   0   | progress          |     1.0 |
|   1   | intervention      |   -0.05 |
|   2   | collision         | -1000.0 |
|   3   | goal_reached      |    50.0 |
|   4   | action_smoothness |    -0.5 |
+-------+-------------------+---------+

[INFO] Curriculum Manager:  <CurriculumManager> contains 0 active terms.
+----------------------+
| Active Curriculum Terms |
+-----------+----------+
|   Index   | Name     |
+-----------+----------+
+-----------+----------+

[INFO]: Completed setting up the environment...
[INFO]: Parsing configuration from: cbf_task.agents.rsl_rl_ppo_cfg:CBFAdaptiveGo2RMARunnerCfg
[WARNING]: The `policy` configuration is deprecated for rsl-rl >= 4.0.0. Please use, e.g., `actor` and `critic` model configurations instead.
[WARNING]: The `empirical_normalization` parameter is deprecated. Please set `actor_obs_normalization` and `critic_obs_normalization` as part of the `policy` configuration instead.
[WARNING]: The `policy` configuration is used to infer the `actor` model configuration.
[WARNING]: The `policy` configuration is used to infer the `critic` model configuration.
[WARNING]: The `distribution_cfg` configuration is now used to specify the output distribution for stochastic policies. Consider updating the configuration to use `distribution_cfg` instead of `stochastic`, `init_noise_std`, `noise_std_type`, and `state_dependent_std` parameters.
--------------------------------------------------------------------------------
Resolved observation sets: 
	 actor :  ['policy']
	 critic :  ['policy']
--------------------------------------------------------------------------------
Actor Model: MLPModel(
  (obs_normalizer): EmpiricalNormalization()
  (distribution): GaussianDistribution()
  (mlp): MLP(
    (0): Linear(in_features=90, out_features=128, bias=True)
    (1): ELU(alpha=1.0)
    (2): Linear(in_features=128, out_features=64, bias=True)
    (3): ELU(alpha=1.0)
    (4): Linear(in_features=64, out_features=2, bias=True)
  )
)
Critic Model: MLPModel(
  (obs_normalizer): EmpiricalNormalization()
  (mlp): MLP(
    (0): Linear(in_features=90, out_features=128, bias=True)
    (1): ELU(alpha=1.0)
    (2): Linear(in_features=128, out_features=64, bias=True)
    (3): ELU(alpha=1.0)
    (4): Linear(in_features=64, out_features=1, bias=True)
  )
)
[student] teacher loaded -> phase5_teacher_outputs/rsl_rl/model_final.pt
[student] collecting 2000 rollout steps (256 envs in parallel) ...
[33m21:45:48 [articulation.py] WARNING: The function 'set_external_force_and_torque' will be deprecated in a future release. Please use 'permanent_wrench_composer.set_forces_and_torques' instead.[0m
    step  200  samples=46080
[33m21:45:53 [articulation.py] WARNING: The function 'set_external_force_and_torque' will be deprecated in a future release. Please use 'permanent_wrench_composer.set_forces_and_torques' instead.[0m
    step  400  samples=97280
    step  600  samples=148480
[33m21:45:58 [articulation.py] WARNING: The function 'set_external_force_and_torque' will be deprecated in a future release. Please use 'permanent_wrench_composer.set_forces_and_torques' instead.[0m
    step  800  samples=199680
    step 1000  samples=250880
[33m21:46:03 [articulation.py] WARNING: The function 'set_external_force_and_torque' will be deprecated in a future release. Please use 'permanent_wrench_composer.set_forces_and_torques' instead.[0m
    step 1200  samples=302080
    step 1400  samples=353280
[33m21:46:08 [articulation.py] WARNING: The function 'set_external_force_and_torque' will be deprecated in a future release. Please use 'permanent_wrench_composer.set_forces_and_torques' instead.[0m
    step 1600  samples=404480
    step 1800  samples=455680
[33m21:46:13 [articulation.py] WARNING: The function 'set_external_force_and_torque' will be deprecated in a future release. Please use 'permanent_wrench_composer.set_forces_and_torques' instead.[0m
7810   MB | 8086      | 0          |
|     |                                  |        |     |            | 7d67      | 8680677d.. |
|     |                                  |        |     |            | 0         |            |
|=============================================================================================|
| OS: 24.04.4 LTS (Noble Numbat) ubuntu, Version: 24.04.4, Kernel: 6.17.0-1023-oem
| Processor: Intel(R) Core(TM) Ultra 9 285K
| Cores: 24 | Logical Cores: 24
|---------------------------------------------------------------------------------------------|
| Total Memory (MB): 63747 | Free Memory: 53884
| Total Page/Swap (MB): 8191 | Free Page/Swap: 8191
|---------------------------------------------------------------------------------------------|
2026-05-24T01:45:45Z [2,222ms] [Warning] [gpu.foundation.plugin] CPU performance profile is set to powersave. This profile sets the CPU to the lowest frequency reducing performance.
2026-05-24T01:45:45Z [2,230ms] [Warning] [gpu.foundation.plugin] IOMMU is enabled.
2026-05-24T01:45:45Z [2,230ms] [Warning] [gpu.foundation.plugin] Detected IOMMU is enabled. Running CUDA peer-to-peer bandwidth and latency validation.
Unidirectional P2P=Enabled Bandwidth (P2P Writes) Matrix (GB/s)
   D\D     0 
     0 1530.36 
P2P=Enabled Latency (P2P Writes) Matrix (us)
   GPU     0 
     0   1.31 

   CPU     0 
     0   1.57 
2026-05-24T01:45:46Z [3,035ms] [Warning] [isaaclab.envs.manager_based_env] Seed not set for the environment. The environment creation may not be deterministic.
2026-05-24T01:45:47Z [4,875ms] [Warning] [omni.physx.fabric.plugin] FabricManager::initializePointInstancer mismatched prototypes on point instancer: /Visuals/Command/velocity_goal.
2026-05-24T01:45:47Z [4,875ms] [Warning] [omni.physx.fabric.plugin] FabricManager::initializePointInstancer mismatched prototypes on point instancer: /Visuals/Command/velocity_current.
